<?xml version="1.0" encoding="UTF-8"?>
<!-- Generated by org.testng.reporters.JUnitXMLReporter -->
<testsuite ignored="0" hostname="DESKTOP-UDVGTG9" failures="2" tests="2" name="Test" time="7.801" errors="0" timestamp="25 Jun 2024 15:23:09 GMT">
  <testcase classname="testCases.TC001_AccountRegistrationTest" name="verify_account_registration" time="0.014">
    <failure type="java.lang.AbstractMethodError" message="Receiver class utilities.ExtentReportManager does not define or inherit an implementation of the resolved method &amp;apos;abstract void onTestStart(org.testng.ITestResult)&amp;apos; of interface org.testng.ITestListener.">
      <![CDATA[java.lang.AbstractMethodError: Receiver class utilities.ExtentReportManager does not define or inherit an implementation of the resolved method 'abstract void onTestStart(org.testng.ITestResult)' of interface org.testng.ITestListener.
... Removed 22 stack frames]]>
    </failure>
  </testcase> <!-- verify_account_registration -->
  <testcase classname="testCases.TC002_LoginTest" name="verify_login" time="0.002">
    <failure type="java.lang.AbstractMethodError" message="Receiver class utilities.ExtentReportManager does not define or inherit an implementation of the resolved method &amp;apos;abstract void onTestStart(org.testng.ITestResult)&amp;apos; of interface org.testng.ITestListener.">
      <![CDATA[java.lang.AbstractMethodError: Receiver class utilities.ExtentReportManager does not define or inherit an implementation of the resolved method 'abstract void onTestStart(org.testng.ITestResult)' of interface org.testng.ITestListener.
... Removed 22 stack frames]]>
    </failure>
  </testcase> <!-- verify_login -->
</testsuite> <!-- Test -->
